<?xml version="1.0" encoding="UTF-8"?>
<!-- Generated by org.testng.reporters.JUnitReportReporter -->
<testsuite hostname="DESKTOP-M9O1TUM" failures="0" tests="2" name="com.qacart.todo.TestCases.TodoTest" time="44.717" errors="0" timestamp="2023-04-19T02:17:59 EET" skipped="0">
  <testcase classname="com.qacart.todo.TestCases.TodoTest" name="shouldBeAbleToDeleteTodo" time="21.936"/>
  <system-out/>
  <testcase classname="com.qacart.todo.TestCases.TodoTest" name="shouldBeAbleToAddNewTodo" time="22.781"/>
  <system-out/>
</testsuite> <!-- com.qacart.todo.TestCases.TodoTest -->
