<?xml version="1.0" encoding="UTF-8"?>
<!-- Generated by org.testng.reporters.JUnitReportReporter -->
<testsuite hostname="DESKTOP-M9O1TUM" failures="0" tests="1" name="com.qacart.todo.TestCases.LoginTest" time="17.424" errors="0" timestamp="2023-04-19T02:17:59 EET" skipped="0">
  <testcase classname="com.qacart.todo.TestCases.LoginTest" name="shouldBeAbleToLoginWithEmailAndPassword" time="17.424"/>
  <system-out/>
</testsuite> <!-- com.qacart.todo.TestCases.LoginTest -->
